<?xml version="1.0" encoding="UTF-8"?>
<!-- Generated by org.testng.reporters.JUnitReportReporter -->
<testsuite skipped="0" hostname="GBBQBQH001M0311.local" name="hudlTest.testHudl.RunnerClass" tests="6" failures="0" timestamp="2021-12-07T15:41:49 GMT" time="35.048" errors="0">
  <testcase name="runScenario" time="5.496" classname="hudlTest.testHudl.RunnerClass"/>
  <system-out/>
  <testcase name="runScenario" time="6.886" classname="hudlTest.testHudl.RunnerClass"/>
  <system-out/>
  <testcase name="runScenario" time="4.263" classname="hudlTest.testHudl.RunnerClass"/>
  <system-out/>
  <testcase name="runScenario" time="6.507" classname="hudlTest.testHudl.RunnerClass"/>
  <system-out/>
  <testcase name="runScenario" time="4.279" classname="hudlTest.testHudl.RunnerClass"/>
  <system-out/>
  <testcase name="runScenario" time="7.617" classname="hudlTest.testHudl.RunnerClass"/>
  <system-out/>
</testsuite> <!-- hudlTest.testHudl.RunnerClass -->
